<?xml version="1.0" encoding="UTF-8"?>
<!-- Generated by org.testng.reporters.JUnitXMLReporter -->
<testsuite ignored="0" hostname="PRANJALI" failures="0" tests="2" name="Default test" time="38.145" errors="0" timestamp="2022-12-06T15:36:35 IST">
  <testcase classname="neoStoxTest.ValidateNeoStoxUserNameUsingPropertyFile" name="validateACBalance" time="0.044"/>
  <testcase classname="neoStoxTest.ValidateNeoStoxUserNameUsingPropertyFile" name="validateUserName" time="1.033"/>
</testsuite> <!-- Default test -->
