<?xml version="1.0" encoding="UTF-8"?>
<testng-results ignored="0" total="2" passed="2" failed="0" skipped="0">
  <reporter-output>
    <line>
      <![CDATA[reading value of urlfrom property file]]>
    </line>
    <line>
      <![CDATA[Launching browser]]>
    </line>
    <line>
      <![CDATA[waiting for 1000millis]]>
    </line>
    <line>
      <![CDATA[reading value of mobileNumfrom property file]]>
    </line>
    <line>
      <![CDATA[waiting for 1000millis]]>
    </line>
    <line>
      <![CDATA[sending mobile number]]>
    </line>
    <line>
      <![CDATA[waiting for 1000millis]]>
    </line>
    <line>
      <![CDATA[clicking on signIn Button]]>
    </line>
    <line>
      <![CDATA[reading value of passwordfrom property file]]>
    </line>
    <line>
      <![CDATA[waiting for 1000millis]]>
    </line>
    <line>
      <![CDATA[sending password]]>
    </line>
    <line>
      <![CDATA[waiting for 1000millis]]>
    </line>
    <line>
      <![CDATA[clicking on submit button]]>
    </line>
    <line>
      <![CDATA[waiting for 1000millis]]>
    </line>
    <line>
      <![CDATA[scrolling into view Close]]>
    </line>
    <line>
      <![CDATA[waiting for 1000millis]]>
    </line>
    <line>
      <![CDATA[Handling popup]]>
    </line>
    <line>
      <![CDATA[waiting for 1000millis]]>
    </line>
    <line>
      <![CDATA[getting actual balance]]>
    </line>
    <line>
      <![CDATA[waiting for 1000millis]]>
    </line>
    <line>
      <![CDATA[getting actual balance]]>
    </line>
    <line>
      <![CDATA[AC Balance isRs.5,00,774.88]]>
    </line>
    <line>
      <![CDATA[TCvalidateACBalanceis completed successfuly]]>
    </line>
    <line>
      <![CDATA[waiting for 1000millis]]>
    </line>
    <line>
      <![CDATA[waiting for 1000millis]]>
    </line>
    <line>
      <![CDATA[Logging out from NeoStox]]>
    </line>
    <line>
      <![CDATA[reading value of mobileNumfrom property file]]>
    </line>
    <line>
      <![CDATA[waiting for 1000millis]]>
    </line>
    <line>
      <![CDATA[sending mobile number]]>
    </line>
    <line>
      <![CDATA[waiting for 1000millis]]>
    </line>
    <line>
      <![CDATA[clicking on signIn Button]]>
    </line>
    <line>
      <![CDATA[reading value of passwordfrom property file]]>
    </line>
    <line>
      <![CDATA[waiting for 1000millis]]>
    </line>
    <line>
      <![CDATA[sending password]]>
    </line>
    <line>
      <![CDATA[waiting for 1000millis]]>
    </line>
    <line>
      <![CDATA[clicking on submit button]]>
    </line>
    <line>
      <![CDATA[waiting for 1000millis]]>
    </line>
    <line>
      <![CDATA[There is no popup]]>
    </line>
    <line>
      <![CDATA[getting user Name]]>
    </line>
    <line>
      <![CDATA[reading value of userNamefrom property file]]>
    </line>
    <line>
      <![CDATA[TCvalidateUserNameis completed successfuly]]>
    </line>
    <line>
      <![CDATA[waiting for 1000millis]]>
    </line>
    <line>
      <![CDATA[waiting for 1000millis]]>
    </line>
    <line>
      <![CDATA[Logging out from NeoStox]]>
    </line>
    <line>
      <![CDATA[closing browser]]>
    </line>
  </reporter-output>
  <suite started-at="2022-12-06T15:35:57 IST" name="Default suite" finished-at="2022-12-06T15:36:35 IST" duration-ms="38145">
    <groups>
    </groups>
    <test started-at="2022-12-06T15:35:57 IST" name="Default test" finished-at="2022-12-06T15:36:35 IST" duration-ms="38145">
      <class name="neoStoxTest.ValidateNeoStoxUserNameUsingPropertyFile">
        <test-method is-config="true" signature="launchNeoStox()[pri:0, instance:neoStoxTest.ValidateNeoStoxUserNameUsingPropertyFile@550dbc7a]" started-at="2022-12-06T15:35:57 IST" name="launchNeoStox" finished-at="2022-12-06T15:36:04 IST" duration-ms="6362" status="PASS">
          <reporter-output>
            <line>
              <![CDATA[reading value of urlfrom property file]]>
            </line>
            <line>
              <![CDATA[Launching browser]]>
            </line>
            <line>
              <![CDATA[waiting for 1000millis]]>
            </line>
          </reporter-output>
        </test-method> <!-- launchNeoStox -->
        <test-method is-config="true" signature="loginToNeoStox()[pri:0, instance:neoStoxTest.ValidateNeoStoxUserNameUsingPropertyFile@550dbc7a]" started-at="2022-12-06T15:36:04 IST" name="loginToNeoStox" finished-at="2022-12-06T15:36:12 IST" duration-ms="8654" status="PASS">
          <reporter-output>
            <line>
              <![CDATA[reading value of mobileNumfrom property file]]>
            </line>
            <line>
              <![CDATA[waiting for 1000millis]]>
            </line>
            <line>
              <![CDATA[sending mobile number]]>
            </line>
            <line>
              <![CDATA[waiting for 1000millis]]>
            </line>
            <line>
              <![CDATA[clicking on signIn Button]]>
            </line>
            <line>
              <![CDATA[reading value of passwordfrom property file]]>
            </line>
            <line>
              <![CDATA[waiting for 1000millis]]>
            </line>
            <line>
              <![CDATA[sending password]]>
            </line>
            <line>
              <![CDATA[waiting for 1000millis]]>
            </line>
            <line>
              <![CDATA[clicking on submit button]]>
            </line>
            <line>
              <![CDATA[waiting for 1000millis]]>
            </line>
            <line>
              <![CDATA[scrolling into view Close]]>
            </line>
            <line>
              <![CDATA[waiting for 1000millis]]>
            </line>
            <line>
              <![CDATA[Handling popup]]>
            </line>
          </reporter-output>
        </test-method> <!-- loginToNeoStox -->
        <test-method signature="validateACBalance()[pri:0, instance:neoStoxTest.ValidateNeoStoxUserNameUsingPropertyFile@550dbc7a]" started-at="2022-12-06T15:36:12 IST" name="validateACBalance" finished-at="2022-12-06T15:36:12 IST" duration-ms="44" status="PASS">
          <reporter-output>
            <line>
              <![CDATA[waiting for 1000millis]]>
            </line>
            <line>
              <![CDATA[getting actual balance]]>
            </line>
            <line>
              <![CDATA[waiting for 1000millis]]>
            </line>
            <line>
              <![CDATA[getting actual balance]]>
            </line>
            <line>
              <![CDATA[AC Balance isRs.5,00,774.88]]>
            </line>
            <line>
              <![CDATA[TCvalidateACBalanceis completed successfuly]]>
            </line>
          </reporter-output>
        </test-method> <!-- validateACBalance -->
        <test-method is-config="true" signature="logout()[pri:0, instance:neoStoxTest.ValidateNeoStoxUserNameUsingPropertyFile@550dbc7a]" started-at="2022-12-06T15:36:12 IST" name="logout" finished-at="2022-12-06T15:36:13 IST" duration-ms="135" status="PASS">
          <reporter-output>
            <line>
              <![CDATA[waiting for 1000millis]]>
            </line>
            <line>
              <![CDATA[waiting for 1000millis]]>
            </line>
            <line>
              <![CDATA[Logging out from NeoStox]]>
            </line>
          </reporter-output>
        </test-method> <!-- logout -->
        <test-method is-config="true" signature="loginToNeoStox()[pri:0, instance:neoStoxTest.ValidateNeoStoxUserNameUsingPropertyFile@550dbc7a]" started-at="2022-12-06T15:36:13 IST" name="loginToNeoStox" finished-at="2022-12-06T15:36:17 IST" duration-ms="4508" status="PASS">
          <reporter-output>
            <line>
              <![CDATA[reading value of mobileNumfrom property file]]>
            </line>
            <line>
              <![CDATA[waiting for 1000millis]]>
            </line>
            <line>
              <![CDATA[sending mobile number]]>
            </line>
            <line>
              <![CDATA[waiting for 1000millis]]>
            </line>
            <line>
              <![CDATA[clicking on signIn Button]]>
            </line>
            <line>
              <![CDATA[reading value of passwordfrom property file]]>
            </line>
            <line>
              <![CDATA[waiting for 1000millis]]>
            </line>
            <line>
              <![CDATA[sending password]]>
            </line>
            <line>
              <![CDATA[waiting for 1000millis]]>
            </line>
            <line>
              <![CDATA[clicking on submit button]]>
            </line>
            <line>
              <![CDATA[waiting for 1000millis]]>
            </line>
            <line>
              <![CDATA[There is no popup]]>
            </line>
          </reporter-output>
        </test-method> <!-- loginToNeoStox -->
        <test-method signature="validateUserName()[pri:0, instance:neoStoxTest.ValidateNeoStoxUserNameUsingPropertyFile@550dbc7a]" started-at="2022-12-06T15:36:17 IST" name="validateUserName" finished-at="2022-12-06T15:36:18 IST" duration-ms="1033" status="PASS">
          <reporter-output>
            <line>
              <![CDATA[getting user Name]]>
            </line>
            <line>
              <![CDATA[reading value of userNamefrom property file]]>
            </line>
            <line>
              <![CDATA[TCvalidateUserNameis completed successfuly]]>
            </line>
          </reporter-output>
        </test-method> <!-- validateUserName -->
        <test-method is-config="true" signature="logout()[pri:0, instance:neoStoxTest.ValidateNeoStoxUserNameUsingPropertyFile@550dbc7a]" started-at="2022-12-06T15:36:18 IST" name="logout" finished-at="2022-12-06T15:36:18 IST" duration-ms="125" status="PASS">
          <reporter-output>
            <line>
              <![CDATA[waiting for 1000millis]]>
            </line>
            <line>
              <![CDATA[waiting for 1000millis]]>
            </line>
            <line>
              <![CDATA[Logging out from NeoStox]]>
            </line>
          </reporter-output>
        </test-method> <!-- logout -->
        <test-method is-config="true" signature="closeApplication()[pri:0, instance:neoStoxTest.ValidateNeoStoxUserNameUsingPropertyFile@550dbc7a]" started-at="2022-12-06T15:36:18 IST" name="closeApplication" finished-at="2022-12-06T15:36:35 IST" duration-ms="17262" status="PASS">
          <reporter-output>
            <line>
              <![CDATA[closing browser]]>
            </line>
          </reporter-output>
        </test-method> <!-- closeApplication -->
      </class> <!-- neoStoxTest.ValidateNeoStoxUserNameUsingPropertyFile -->
    </test> <!-- Default test -->
  </suite> <!-- Default suite -->
</testng-results>
